<?xml version="1.0" encoding="UTF-8"?>
<testng-results ignored="0" total="2" passed="2" failed="0" skipped="0">
  <reporter-output>
  </reporter-output>
  <suite started-at="2025-02-08T23:19:54 IST" name="Suite" finished-at="2025-02-08T23:20:05 IST" duration-ms="11440">
    <groups>
      <group name="Master">
        <method signature="TC001_AccountRegistrationTest.verify_account_registration()[pri:0, instance:testCases.TC001_AccountRegistrationTest@1aafa419]" name="verify_account_registration" class="testCases.TC001_AccountRegistrationTest"/>
        <method signature="TC002LoginPage.verifylogintest()[pri:0, instance:testCases.TC002LoginPage@5656be13]" name="verifylogintest" class="testCases.TC002LoginPage"/>
      </group> <!-- Master -->
      <group name="Sanity">
        <method signature="TC002LoginPage.verifylogintest()[pri:0, instance:testCases.TC002LoginPage@5656be13]" name="verifylogintest" class="testCases.TC002LoginPage"/>
      </group> <!-- Sanity -->
      <group name="Regression">
        <method signature="TC001_AccountRegistrationTest.verify_account_registration()[pri:0, instance:testCases.TC001_AccountRegistrationTest@1aafa419]" name="verify_account_registration" class="testCases.TC001_AccountRegistrationTest"/>
      </group> <!-- Regression -->
    </groups>
    <test started-at="2025-02-08T23:19:54 IST" name="Test" finished-at="2025-02-08T23:20:05 IST" duration-ms="11440">
      <class name="testCases.TC002LoginPage">
        <test-method is-config="true" signature="setup(java.lang.String,java.lang.String)[pri:0, instance:testCases.TC002LoginPage@5656be13]" started-at="2025-02-08T23:20:02 IST" name="setup" finished-at="2025-02-08T23:20:04 IST" duration-ms="2053" status="PASS">
          <params>
            <param index="0">
              <value>
                <![CDATA[Windows]]>
              </value>
            </param>
            <param index="1">
              <value>
                <![CDATA[chrome]]>
              </value>
            </param>
          </params>
          <reporter-output>
          </reporter-output>
        </test-method> <!-- setup -->
        <test-method signature="verifylogintest()[pri:0, instance:testCases.TC002LoginPage@5656be13]" started-at="2025-02-08T23:20:04 IST" name="verifylogintest" finished-at="2025-02-08T23:20:05 IST" duration-ms="1265" status="PASS">
          <reporter-output>
          </reporter-output>
        </test-method> <!-- verifylogintest -->
        <test-method is-config="true" signature="teardown()[pri:0, instance:testCases.TC002LoginPage@5656be13]" started-at="2025-02-08T23:20:05 IST" name="teardown" finished-at="2025-02-08T23:20:05 IST" duration-ms="97" status="PASS">
          <reporter-output>
          </reporter-output>
        </test-method> <!-- teardown -->
      </class> <!-- testCases.TC002LoginPage -->
      <class name="testCases.TC001_AccountRegistrationTest">
        <test-method is-config="true" signature="setup(java.lang.String,java.lang.String)[pri:0, instance:testCases.TC001_AccountRegistrationTest@1aafa419]" started-at="2025-02-08T23:19:54 IST" name="setup" finished-at="2025-02-08T23:20:00 IST" duration-ms="5996" status="PASS">
          <params>
            <param index="0">
              <value>
                <![CDATA[Windows]]>
              </value>
            </param>
            <param index="1">
              <value>
                <![CDATA[chrome]]>
              </value>
            </param>
          </params>
          <reporter-output>
          </reporter-output>
        </test-method> <!-- setup -->
        <test-method signature="verify_account_registration()[pri:0, instance:testCases.TC001_AccountRegistrationTest@1aafa419]" started-at="2025-02-08T23:20:00 IST" name="verify_account_registration" finished-at="2025-02-08T23:20:02 IST" duration-ms="1642" status="PASS">
          <reporter-output>
          </reporter-output>
        </test-method> <!-- verify_account_registration -->
        <test-method is-config="true" signature="teardown()[pri:0, instance:testCases.TC001_AccountRegistrationTest@1aafa419]" started-at="2025-02-08T23:20:02 IST" name="teardown" finished-at="2025-02-08T23:20:02 IST" duration-ms="133" status="PASS">
          <reporter-output>
          </reporter-output>
        </test-method> <!-- teardown -->
      </class> <!-- testCases.TC001_AccountRegistrationTest -->
    </test> <!-- Test -->
  </suite> <!-- Suite -->
</testng-results>
