<?xml version="1.0" encoding="UTF-8"?>
<testng-results ignored="0" total="1" passed="1" failed="0" skipped="0">
  <reporter-output>
  </reporter-output>
  <suite started-at="2025-02-10T20:41:38 IST" name="Suite" finished-at="2025-02-10T20:41:45 IST" duration-ms="7472">
    <groups>
      <group name="Master">
        <method signature="TC_004PurchaseTablet.verifypurchasetablet()[pri:0, instance:testCases.TC_004PurchaseTablet@7b2bbc3]" name="verifypurchasetablet" class="testCases.TC_004PurchaseTablet"/>
      </group> <!-- Master -->
    </groups>
    <test started-at="2025-02-10T20:41:38 IST" name="Test" finished-at="2025-02-10T20:41:45 IST" duration-ms="7472">
      <class name="testCases.TC_004PurchaseTablet">
        <test-method is-config="true" signature="setup(java.lang.String,java.lang.String)[pri:0, instance:testCases.TC_004PurchaseTablet@7b2bbc3]" started-at="2025-02-10T20:41:38 IST" name="setup" finished-at="2025-02-10T20:41:41 IST" duration-ms="3173" status="PASS">
          <params>
            <param index="0">
              <value>
                <![CDATA[Windows]]>
              </value>
            </param>
            <param index="1">
              <value>
                <![CDATA[chrome]]>
              </value>
            </param>
          </params>
          <reporter-output>
          </reporter-output>
        </test-method> <!-- setup -->
        <test-method signature="verifypurchasetablet()[pri:0, instance:testCases.TC_004PurchaseTablet@7b2bbc3]" started-at="2025-02-10T20:41:41 IST" name="verifypurchasetablet" finished-at="2025-02-10T20:41:45 IST" duration-ms="3950" status="PASS">
          <reporter-output>
          </reporter-output>
        </test-method> <!-- verifypurchasetablet -->
        <test-method is-config="true" signature="teardown()[pri:0, instance:testCases.TC_004PurchaseTablet@7b2bbc3]" started-at="2025-02-10T20:41:45 IST" name="teardown" finished-at="2025-02-10T20:41:45 IST" duration-ms="0" status="PASS">
          <reporter-output>
          </reporter-output>
        </test-method> <!-- teardown -->
      </class> <!-- testCases.TC_004PurchaseTablet -->
    </test> <!-- Test -->
  </suite> <!-- Suite -->
</testng-results>
